<?xml version="1.0" encoding="utf-8"?><testsuites name="pytest tests"><testsuite name="pytest" errors="0" failures="0" skipped="0" tests="8" time="1.735" timestamp="2026-02-21T20:55:05.538382+00:00" hostname="agent-env-d69ab860-4645-4d83-87e3-08231ce54b4e"><testcase classname="backend.tests.test_staff_features.TestEventsOrdering" name="test_api_is_reachable" time="0.220" /><testcase classname="backend.tests.test_staff_features.TestEventsOrdering" name="test_events_ordered_by_created_at_desc" time="0.111" /><testcase classname="backend.tests.test_staff_features.TestContractsLinksEndpoint" name="test_get_all_contracts" time="0.154" /><testcase classname="backend.tests.test_staff_features.TestContractsLinksEndpoint" name="test_contract_has_link_fields" time="0.148" /><testcase classname="backend.tests.test_staff_features.TestContractsLinksEndpoint" name="test_update_contract_links" time="0.442" /><testcase classname="backend.tests.test_staff_features.TestContractsLinksEndpoint" name="test_update_only_link_fotos" time="0.344" /><testcase classname="backend.tests.test_staff_features.TestContractsLinksEndpoint" name="test_update_links_nonexistent_contract" time="0.117" /><testcase classname="backend.tests.test_staff_features.TestContractModel" name="test_contract_includes_all_required_fields" time="0.142" /></testsuite></testsuites>