<?xml version="1.0" encoding="utf-8"?><testsuites name="pytest tests"><testsuite name="pytest" errors="0" failures="0" skipped="0" tests="13" time="3.743" timestamp="2026-02-18T02:33:20.579877+00:00" hostname="agent-env-53d330e0-1076-4b76-84d2-1c38dfbc5029"><testcase classname="backend.tests.test_cotizador_and_live.TestCotizadorQuotes" name="test_api_is_reachable" time="0.272" /><testcase classname="backend.tests.test_cotizador_and_live.TestCotizadorQuotes" name="test_create_quote_with_all_fields" time="0.333" /><testcase classname="backend.tests.test_cotizador_and_live.TestCotizadorQuotes" name="test_get_all_quotes" time="0.161" /><testcase classname="backend.tests.test_cotizador_and_live.TestCotizadorQuotes" name="test_quote_cabina_prices" time="0.569" /><testcase classname="backend.tests.test_cotizador_and_live.TestCotizadorQuotes" name="test_quote_video360_prices" time="0.554" /><testcase classname="backend.tests.test_cotizador_and_live.TestCotizadorQuotes" name="test_quote_picpartylive_prices" time="0.388" /><testcase classname="backend.tests.test_cotizador_and_live.TestLiveSessions" name="test_get_live_sessions" time="0.134" /><testcase classname="backend.tests.test_cotizador_and_live.TestLiveSessions" name="test_create_live_session_with_client_phone" time="0.270" /><testcase classname="backend.tests.test_cotizador_and_live.TestLiveSessions" name="test_scan_existing_code" time="0.151" /><testcase classname="backend.tests.test_cotizador_and_live.TestLiveSessions" name="test_scan_invalid_code" time="0.114" /><testcase classname="backend.tests.test_cotizador_and_live.TestLiveSessions" name="test_live_session_has_client_phone_field" time="0.406" /><testcase classname="backend.tests.test_cotizador_and_live.TestEventPhotos" name="test_get_photos_for_event" time="0.118" /><testcase classname="backend.tests.test_cotizador_and_live.TestEventPhotos" name="test_get_photo_count" time="0.117" /></testsuite></testsuites>